# JRE version: OpenJDK Runtime Environment Temurin-21.0.12.1+1 (21.0.12.1+1) (build 21.0.12.1+1-LTS)
# Java VM: OpenJDK 64-Bit Server VM Temurin-21.0.12.1+1 (21.0.12.1+1-LTS, mixed mode, sharing, tiered, compressed oops, compressed class ptrs, parallel gc, windows-amd64)
GC Precious Log:
 CardTable entry size: 512
 CPUs: 12 total, 12 available
 Memory: 16147M
 Large Page Support: Disabled
 NUMA Support: Disabled
 Compressed Oops: Enabled (32-bit)
 Alignments: Space 512K, Generation 512K, Heap 2M
 Heap Min Capacity: 100M
 Heap Initial Capacity: 100M
 Heap Max Capacity: 2G
 Pre-touch: Disabled
 Parallel Workers: 10
Heap:
 PSYoungGen      total 2560K, used 717K [0x00000000d5580000, 0x00000000d5900000, 0x0000000100000000)
  eden space 2048K, 20% used [0x00000000d5580000,0x00000000d55eb690,0x00000000d5780000)
  from space 512K, 56% used [0x00000000d5800000,0x00000000d5848000,0x00000000d5880000)
  to   space 512K, 0% used [0x00000000d5880000,0x00000000d5880000,0x00000000d5900000)
 ParOldGen       total 659968K, used 659654K [0x0000000080000000, 0x00000000a8480000, 0x00000000d5580000)
  object space 659968K, 99% used [0x0000000080000000,0x00000000a8431bc8,0x00000000a8480000)
 Metaspace       used 93893K, committed 95552K, reserved 1179648K
  class space    used 9276K, committed 10112K, reserved 1048576K
GC Heap History (20 events):
Event: 9981.225 GC heap before
{Heap before GC invocations=4859 (full 6):
 PSYoungGen      total 3072K, used 1849K [0x00000000d5580000, 0x00000000d5980000, 0x0000000100000000)
  eden space 1536K, 99% used [0x00000000d5580000,0x00000000d56fe670,0x00000000d5700000)
  from space 1536K, 20% used [0x00000000d5700000,0x00000000d5750000,0x00000000d5880000)
  to   space 1024K, 0% used [0x00000000d5880000,0x00000000d5880000,0x00000000d5980000)
 ParOldGen       total 659456K, used 659270K [0x0000000080000000, 0x00000000a8400000, 0x00000000d5580000)
  object space 659456K, 99% used [0x0000000080000000,0x00000000a83d1bc8,0x00000000a8400000)
 Metaspace       used 93888K, committed 95552K, reserved 1179648K
  class space    used 9276K, committed 10112K, reserved 1048576K
}
Event: 9981.227 GC heap after
{Heap after GC invocations=4859 (full 6):
 PSYoungGen      total 2560K, used 288K [0x00000000d5580000, 0x00000000d5900000, 0x0000000100000000)
  eden space 2048K, 0% used [0x00000000d5580000,0x00000000d5580000,0x00000000d5780000)
  from space 512K, 56% used [0x00000000d5880000,0x00000000d58c8000,0x00000000d5900000)
  to   space 512K, 0% used [0x00000000d5800000,0x00000000d5800000,0x00000000d5880000)
 ParOldGen       total 659456K, used 659342K [0x0000000080000000, 0x00000000a8400000, 0x00000000d5580000)
  object space 659456K, 99% used [0x0000000080000000,0x00000000a83e3bc8,0x00000000a8400000)
 Metaspace       used 93888K, committed 95552K, reserved 1179648K
  class space    used 9276K, committed 10112K, reserved 1048576K
}
Event: 9981.501 GC heap before
{Heap before GC invocations=4860 (full 6):
 PSYoungGen      total 2560K, used 2336K [0x00000000d5580000, 0x00000000d5900000, 0x0000000100000000)
  eden space 2048K, 100% used [0x00000000d5580000,0x00000000d5780000,0x00000000d5780000)
  from space 512K, 56% used [0x00000000d5880000,0x00000000d58c8000,0x00000000d5900000)
  to   space 512K, 0% used [0x00000000d5800000,0x00000000d5800000,0x00000000d5880000)
 ParOldGen       total 659456K, used 659342K [0x0000000080000000, 0x00000000a8400000, 0x00000000d5580000)
  object space 659456K, 99% used [0x0000000080000000,0x00000000a83e3bc8,0x00000000a8400000)
 Metaspace       used 93888K, committed 95552K, reserved 1179648K
  class space    used 9276K, committed 10112K, reserved 1048576K
}
Event: 9981.502 GC heap after
{Heap after GC invocations=4860 (full 6):
 PSYoungGen      total 2560K, used 320K [0x00000000d5580000, 0x00000000d5900000, 0x0000000100000000)
  eden space 2048K, 0% used [0x00000000d5580000,0x00000000d5580000,0x00000000d5780000)
  from space 512K, 62% used [0x00000000d5800000,0x00000000d5850000,0x00000000d5880000)
  to   space 512K, 0% used [0x00000000d5880000,0x00000000d5880000,0x00000000d5900000)
 ParOldGen       total 659456K, used 659358K [0x0000000080000000, 0x00000000a8400000, 0x00000000d5580000)
  object space 659456K, 99% used [0x0000000080000000,0x00000000a83e7bc8,0x00000000a8400000)
 Metaspace       used 93888K, committed 95552K, reserved 1179648K
  class space    used 9276K, committed 10112K, reserved 1048576K
}
Event: 10034.170 GC heap before
{Heap before GC invocations=4861 (full 6):
 PSYoungGen      total 2560K, used 2368K [0x00000000d5580000, 0x00000000d5900000, 0x0000000100000000)
  eden space 2048K, 100% used [0x00000000d5580000,0x00000000d5780000,0x00000000d5780000)
  from space 512K, 62% used [0x00000000d5800000,0x00000000d5850000,0x00000000d5880000)
  to   space 512K, 0% used [0x00000000d5880000,0x00000000d5880000,0x00000000d5900000)
 ParOldGen       total 659456K, used 659358K [0x0000000080000000, 0x00000000a8400000, 0x00000000d5580000)
  object space 659456K, 99% used [0x0000000080000000,0x00000000a83e7bc8,0x00000000a8400000)
 Metaspace       used 93890K, committed 95552K, reserved 1179648K
  class space    used 9276K, committed 10112K, reserved 1048576K
}
Event: 10034.171 GC heap after
{Heap after GC invocations=4861 (full 6):
 PSYoungGen      total 2560K, used 288K [0x00000000d5580000, 0x00000000d5900000, 0x0000000100000000)
  eden space 2048K, 0% used [0x00000000d5580000,0x00000000d5580000,0x00000000d5780000)
  from space 512K, 56% used [0x00000000d5880000,0x00000000d58c8000,0x00000000d5900000)
  to   space 512K, 0% used [0x00000000d5800000,0x00000000d5800000,0x00000000d5880000)
 ParOldGen       total 659456K, used 659374K [0x0000000080000000, 0x00000000a8400000, 0x00000000d5580000)
  object space 659456K, 99% used [0x0000000080000000,0x00000000a83ebbc8,0x00000000a8400000)
 Metaspace       used 93890K, committed 95552K, reserved 1179648K
  class space    used 9276K, committed 10112K, reserved 1048576K
}
Event: 10034.349 GC heap before
{Heap before GC invocations=4862 (full 6):
 PSYoungGen      total 2560K, used 2336K [0x00000000d5580000, 0x00000000d5900000, 0x0000000100000000)
  eden space 2048K, 100% used [0x00000000d5580000,0x00000000d5780000,0x00000000d5780000)
  from space 512K, 56% used [0x00000000d5880000,0x00000000d58c8000,0x00000000d5900000)
  to   space 512K, 0% used [0x00000000d5800000,0x00000000d5800000,0x00000000d5880000)
 ParOldGen       total 659456K, used 659374K [0x0000000080000000, 0x00000000a8400000, 0x00000000d5580000)
  object space 659456K, 99% used [0x0000000080000000,0x00000000a83ebbc8,0x00000000a8400000)
 Metaspace       used 93890K, committed 95552K, reserved 1179648K
  class space    used 9276K, committed 10112K, reserved 1048576K
}
Event: 10034.351 GC heap after
{Heap after GC invocations=4862 (full 6):
 PSYoungGen      total 2560K, used 352K [0x00000000d5580000, 0x00000000d5900000, 0x0000000100000000)
  eden space 2048K, 0% used [0x00000000d5580000,0x00000000d5580000,0x00000000d5780000)
  from space 512K, 68% used [0x00000000d5800000,0x00000000d5858000,0x00000000d5880000)
  to   space 512K, 0% used [0x00000000d5880000,0x00000000d5880000,0x00000000d5900000)
 ParOldGen       total 659456K, used 659438K [0x0000000080000000, 0x00000000a8400000, 0x00000000d5580000)
  object space 659456K, 99% used [0x0000000080000000,0x00000000a83fbbc8,0x00000000a8400000)
 Metaspace       used 93890K, committed 95552K, reserved 1179648K
  class space    used 9276K, committed 10112K, reserved 1048576K
}
Event: 10034.359 GC heap before
{Heap before GC invocations=4863 (full 6):
 PSYoungGen      total 2560K, used 2399K [0x00000000d5580000, 0x00000000d5900000, 0x0000000100000000)
  eden space 2048K, 99% used [0x00000000d5580000,0x00000000d577fff8,0x00000000d5780000)
  from space 512K, 68% used [0x00000000d5800000,0x00000000d5858000,0x00000000d5880000)
  to   space 512K, 0% used [0x00000000d5880000,0x00000000d5880000,0x00000000d5900000)
 ParOldGen       total 659456K, used 659438K [0x0000000080000000, 0x00000000a8400000, 0x00000000d5580000)
  object space 659456K, 99% used [0x0000000080000000,0x00000000a83fbbc8,0x00000000a8400000)
 Metaspace       used 93890K, committed 95552K, reserved 1179648K
  class space    used 9276K, committed 10112K, reserved 1048576K
}
Event: 10034.361 GC heap after
{Heap after GC invocations=4863 (full 6):
 PSYoungGen      total 2560K, used 496K [0x00000000d5580000, 0x00000000d5980000, 0x0000000100000000)
  eden space 2048K, 0% used [0x00000000d5580000,0x00000000d5580000,0x00000000d5780000)
  from space 512K, 96% used [0x00000000d5880000,0x00000000d58fc010,0x00000000d5900000)
  to   space 1024K, 0% used [0x00000000d5780000,0x00000000d5780000,0x00000000d5880000)
 ParOldGen       total 659968K, used 659518K [0x0000000080000000, 0x00000000a8480000, 0x00000000d5580000)
  object space 659968K, 99% used [0x0000000080000000,0x00000000a840fbc8,0x00000000a8480000)
 Metaspace       used 93890K, committed 95552K, reserved 1179648K
  class space    used 9276K, committed 10112K, reserved 1048576K
}
Event: 10034.432 GC heap before
{Heap before GC invocations=4864 (full 6):
 PSYoungGen      total 2560K, used 2544K [0x00000000d5580000, 0x00000000d5980000, 0x0000000100000000)
  eden space 2048K, 99% used [0x00000000d5580000,0x00000000d577fff0,0x00000000d5780000)
  from space 512K, 96% used [0x00000000d5880000,0x00000000d58fc010,0x00000000d5900000)
  to   space 1024K, 0% used [0x00000000d5780000,0x00000000d5780000,0x00000000d5880000)
 ParOldGen       total 659968K, used 659518K [0x0000000080000000, 0x00000000a8480000, 0x00000000d5580000)
  object space 659968K, 99% used [0x0000000080000000,0x00000000a840fbc8,0x00000000a8480000)
 Metaspace       used 93890K, committed 95552K, reserved 1179648K
  class space    used 9276K, committed 10112K, reserved 1048576K
}
Event: 10034.435 GC heap after
{Heap after GC invocations=4864 (full 6):
 PSYoungGen      total 3072K, used 384K [0x00000000d5580000, 0x00000000d5900000, 0x0000000100000000)
  eden space 2048K, 0% used [0x00000000d5580000,0x00000000d5580000,0x00000000d5780000)
  from space 1024K, 37% used [0x00000000d5780000,0x00000000d57e0000,0x00000000d5880000)
  to   space 512K, 0% used [0x00000000d5880000,0x00000000d5880000,0x00000000d5900000)
 ParOldGen       total 659968K, used 659534K [0x0000000080000000, 0x00000000a8480000, 0x00000000d5580000)
  object space 659968K, 99% used [0x0000000080000000,0x00000000a8413bc8,0x00000000a8480000)
 Metaspace       used 93890K, committed 95552K, reserved 1179648K
  class space    used 9276K, committed 10112K, reserved 1048576K
}
Event: 10056.684 GC heap before
{Heap before GC invocations=4865 (full 6):
 PSYoungGen      total 3072K, used 2432K [0x00000000d5580000, 0x00000000d5900000, 0x0000000100000000)
  eden space 2048K, 100% used [0x00000000d5580000,0x00000000d5780000,0x00000000d5780000)
  from space 1024K, 37% used [0x00000000d5780000,0x00000000d57e0000,0x00000000d5880000)
  to   space 512K, 0% used [0x00000000d5880000,0x00000000d5880000,0x00000000d5900000)
 ParOldGen       total 659968K, used 659534K [0x0000000080000000, 0x00000000a8480000, 0x00000000d5580000)
  object space 659968K, 99% used [0x0000000080000000,0x00000000a8413bc8,0x00000000a8480000)
 Metaspace       used 93890K, committed 95552K, reserved 1179648K
  class space    used 9276K, committed 10112K, reserved 1048576K
}
Event: 10056.686 GC heap after
{Heap after GC invocations=4865 (full 6):
 PSYoungGen      total 2560K, used 224K [0x00000000d5580000, 0x00000000d5900000, 0x0000000100000000)
  eden space 2048K, 0% used [0x00000000d5580000,0x00000000d5580000,0x00000000d5780000)
  from space 512K, 43% used [0x00000000d5880000,0x00000000d58b8000,0x00000000d5900000)
  to   space 512K, 0% used [0x00000000d5800000,0x00000000d5800000,0x00000000d5880000)
 ParOldGen       total 659968K, used 659550K [0x0000000080000000, 0x00000000a8480000, 0x00000000d5580000)
  object space 659968K, 99% used [0x0000000080000000,0x00000000a8417bc8,0x00000000a8480000)
 Metaspace       used 93890K, committed 95552K, reserved 1179648K
  class space    used 9276K, committed 10112K, reserved 1048576K
}
Event: 10056.750 GC heap before
{Heap before GC invocations=4866 (full 6):
 PSYoungGen      total 2560K, used 2272K [0x00000000d5580000, 0x00000000d5900000, 0x0000000100000000)
  eden space 2048K, 100% used [0x00000000d5580000,0x00000000d5780000,0x00000000d5780000)
  from space 512K, 43% used [0x00000000d5880000,0x00000000d58b8000,0x00000000d5900000)
  to   space 512K, 0% used [0x00000000d5800000,0x00000000d5800000,0x00000000d5880000)
 ParOldGen       total 659968K, used 659550K [0x0000000080000000, 0x00000000a8480000, 0x00000000d5580000)
  object space 659968K, 99% used [0x0000000080000000,0x00000000a8417bc8,0x00000000a8480000)
 Metaspace       used 93890K, committed 95552K, reserved 1179648K
  class space    used 9276K, committed 10112K, reserved 1048576K
}
Event: 10056.753 GC heap after
{Heap after GC invocations=4866 (full 6):
 PSYoungGen      total 2560K, used 192K [0x00000000d5580000, 0x00000000d5900000, 0x0000000100000000)
  eden space 2048K, 0% used [0x00000000d5580000,0x00000000d5580000,0x00000000d5780000)
  from space 512K, 37% used [0x00000000d5800000,0x00000000d5830000,0x00000000d5880000)
  to   space 512K, 0% used [0x00000000d5880000,0x00000000d5880000,0x00000000d5900000)
 ParOldGen       total 659968K, used 659598K [0x0000000080000000, 0x00000000a8480000, 0x00000000d5580000)
  object space 659968K, 99% used [0x0000000080000000,0x00000000a8423bc8,0x00000000a8480000)
 Metaspace       used 93890K, committed 95552K, reserved 1179648K
  class space    used 9276K, committed 10112K, reserved 1048576K
}
Event: 10056.795 GC heap before
{Heap before GC invocations=4867 (full 6):
 PSYoungGen      total 2560K, used 2240K [0x00000000d5580000, 0x00000000d5900000, 0x0000000100000000)
  eden space 2048K, 100% used [0x00000000d5580000,0x00000000d5780000,0x00000000d5780000)
  from space 512K, 37% used [0x00000000d5800000,0x00000000d5830000,0x00000000d5880000)
  to   space 512K, 0% used [0x00000000d5880000,0x00000000d5880000,0x00000000d5900000)
 ParOldGen       total 659968K, used 659598K [0x0000000080000000, 0x00000000a8480000, 0x00000000d5580000)
  object space 659968K, 99% used [0x0000000080000000,0x00000000a8423bc8,0x00000000a8480000)
 Metaspace       used 93890K, committed 95552K, reserved 1179648K
  class space    used 9276K, committed 10112K, reserved 1048576K
}
Event: 10056.796 GC heap after
{Heap after GC invocations=4867 (full 6):
 PSYoungGen      total 2560K, used 352K [0x00000000d5580000, 0x00000000d5900000, 0x0000000100000000)
  eden space 2048K, 0% used [0x00000000d5580000,0x00000000d5580000,0x00000000d5780000)
  from space 512K, 68% used [0x00000000d5880000,0x00000000d58d8000,0x00000000d5900000)
  to   space 512K, 0% used [0x00000000d5800000,0x00000000d5800000,0x00000000d5880000)
 ParOldGen       total 659968K, used 659646K [0x0000000080000000, 0x00000000a8480000, 0x00000000d5580000)
  object space 659968K, 99% used [0x0000000080000000,0x00000000a842fbc8,0x00000000a8480000)
 Metaspace       used 93890K, committed 95552K, reserved 1179648K
  class space    used 9276K, committed 10112K, reserved 1048576K
}
Event: 10059.976 GC heap before
{Heap before GC invocations=4868 (full 6):
 PSYoungGen      total 2560K, used 2400K [0x00000000d5580000, 0x00000000d5900000, 0x0000000100000000)
  eden space 2048K, 100% used [0x00000000d5580000,0x00000000d5780000,0x00000000d5780000)
  from space 512K, 68% used [0x00000000d5880000,0x00000000d58d8000,0x00000000d5900000)
  to   space 512K, 0% used [0x00000000d5800000,0x00000000d5800000,0x00000000d5880000)
 ParOldGen       total 659968K, used 659646K [0x0000000080000000, 0x00000000a8480000, 0x00000000d5580000)
  object space 659968K, 99% used [0x0000000080000000,0x00000000a842fbc8,0x00000000a8480000)
 Metaspace       used 93890K, committed 95552K, reserved 1179648K
  class space    used 9276K, committed 10112K, reserved 1048576K
}
Event: 10059.977 GC heap after
{Heap after GC invocations=4868 (full 6):
 PSYoungGen      total 2560K, used 288K [0x00000000d5580000, 0x00000000d5900000, 0x0000000100000000)
  eden space 2048K, 0% used [0x00000000d5580000,0x00000000d5580000,0x00000000d5780000)
  from space 512K, 56% used [0x00000000d5800000,0x00000000d5848000,0x00000000d5880000)
  to   space 512K, 0% used [0x00000000d5880000,0x00000000d5880000,0x00000000d5900000)
 ParOldGen       total 659968K, used 659654K [0x0000000080000000, 0x00000000a8480000, 0x00000000d5580000)
  object space 659968K, 99% used [0x0000000080000000,0x00000000a8431bc8,0x00000000a8480000)
 Metaspace       used 93890K, committed 95552K, reserved 1179648K
  class space    used 9276K, committed 10112K, reserved 1048576K
}

